msg1: one attachment
msg2: two attachments
msg3:  no attachments
msg4: no attchments
msg5: three attachments
msg1: one attachment
msg1: one attachment
msg2: two attachments
msg3:  no attachments
msg4: no attchments
msg5: three attachments
msg1: one attachment
msg2: two attachments
msg3:  no attachments
msg4: no attchments
msg5: three attachments
msg1: one attachment
msg2: two attachments
msg3:  no attachments
msg4: no attchments
msg5: three attachments
msg1: one attachmentsent tojennifer.li@henryschein.ca
msg2: two attachmentssent tojennifer.li@henryschein.ca
msg3:  no attachmentssent tojennifer.li@henryschein.ca
msg4: no attchmentssent tojennifer.li@henryschein.ca
msg5: three attachmentssent tojennife.li@henryschein.ca
S:\Business Reporting\ZDEV_Scripts\BRPoSh\mailing\\attach\201602_AZ1CI_Top15.pdf  sent to  jennifer.li@henryschein.ca  on success
S:\Business Reporting\ZDEV_Scripts\BRPoSh\mailing\\attach\201602_AZ1CI_Top15.pdf S:\Business Reporting\ZDEV_Scripts\BRPoSh\mailing\\attach\201602_AZ1CI_Top15.pdf  sent to  jennifer.li@henryschein.ca  on success
S:\Business Reporting\ZDEV_Scripts\BRPoSh\mailing\\attach\201602_AZ1CI_Top15.pdf S:\Business Reporting\ZDEV_Scripts\BRPoSh\mailing\\attach\201602_AZ1CI_Top15.pdf sent to jennifer.li@henryschein.ca
S:\Business Reporting\ZDEV_Scripts\BRPoSh\mailing\\attach\201602_AZ1CI_Top15.pdf S:\Business Reporting\ZDEV_Scripts\BRPoSh\mailing\\attach\201602_AZ1CI_Top15.pdf sent to jennifer.li@henryschein.ca
S:\Business Reporting\ZDEV_Scripts\BRPoSh\mailing\\attach\201602_AZ1CI_Top15.pdf S:\Business Reporting\ZDEV_Scripts\BRPoSh\mailing\\attach\201602_AZ1CI_Top15.pdf S:\Business Reporting\ZDEV_Scripts\BRPoSh\mailing\\attach\201602_AZ1CI_Top15.pdf  sent to  jennife.li@henryschein.ca  on success
