Crowley, Trevor             05/11/2018 5:12:00 PM 
Crowley, Trevor             05/11/2018 5:12:36 PM 
Crowley, Trevor             05/11/2018 5:12:57 PM 
Crowley, Trevor             05/11/2018 5:13:19 PM 
Crowley, Trevor             05/11/2018 5:13:44 PM 
Crowley, Trevor             05/11/2018 5:14:06 PM 
Winslow, Gary 11/6/2018 7:20:28 AM 
Crowley, Trevor             07/11/2018 3:55:08 PM 
Crowley, Trevor             07/11/2018 3:56:05 PM 
Winslow, Gary 11/8/2018 7:27:04 AM 
Winslow, Gary 11/9/2018 7:35:00 AM 
Winslow, Gary 11/9/2018 7:37:08 AM 
Crowley, Trevor             09/11/2018 9:23:30 AM 
Winslow, Gary 11/9/2018 9:29:28 AM 
Winslow, Gary 11/9/2018 9:35:39 AM 
Winslow, Gary 11/9/2018 9:38:20 AM 
Winslow, Gary 11/9/2018 9:47:06 AM 
Winslow, Gary 11/9/2018 9:47:48 AM 
Li, Jennifer  11/09/2018 10:54:14 AM 
Li, Jennifer  11/09/2018 3:47:49 PM 
Li, Jennifer  11/09/2018 3:50:06 PM 
Li, Jennifer  11/09/2018 3:57:45 PM 
Li, Jennifer  11/09/2018 4:00:42 PM 
Li, Jennifer  11/09/2018 4:11:04 PM 
Li, Jennifer  11/09/2018 4:11:53 PM 
Li, Jennifer  11/09/2018 4:13:34 PM 
Winslow, Gary 11/12/2018 7:37:22 AM 
Crowley, Trevor             12/11/2018 1:59:24 PM 
Crowley, Trevor             12/11/2018 2:01:49 PM 
Crowley, Trevor             12/11/2018 2:02:04 PM 
Crowley, Trevor             12/11/2018 2:02:53 PM 
Crowley, Trevor             12/11/2018 2:03:10 PM 
Crowley, Trevor             12/11/2018 2:03:28 PM 
Crowley, Trevor             12/11/2018 2:05:10 PM 
Crowley, Trevor             12/11/2018 2:51:19 PM 
Crowley, Trevor             12/11/2018 3:11:48 PM 
Crowley, Trevor             12/11/2018 3:19:35 PM 
Crowley, Trevor             12/11/2018 3:31:14 PM 
Crowley, Trevor             12/11/2018 3:31:39 PM 
Winslow, Gary 11/12/2018 3:36:05 PM 
Winslow, Gary 11/12/2018 3:36:31 PM 
Leone, Tony   11/12/2018 4:01:51 PM 
Leone, Tony   11/12/2018 4:03:22 PM 
Leone, Tony   11/12/2018 4:03:57 PM 
Leone, Tony   11/12/2018 4:12:08 PM 
Leone, Tony   11/12/2018 4:14:58 PM 
Leone, Tony   11/12/2018 4:17:15 PM 
Winslow, Gary 11/13/2018 7:32:29 AM 
Leone, Tony   11/13/2018 8:38:28 AM 
Crowley, Trevor             13/11/2018 9:49:34 AM 
Crowley, Trevor             13/11/2018 9:58:13 AM 
Crowley, Trevor             13/11/2018 9:59:03 AM 
Crowley, Trevor             13/11/2018 10:02:00 AM 
Crowley, Trevor             13/11/2018 10:04:05 AM 
Crowley, Trevor             13/11/2018 10:06:08 AM 
Crowley, Trevor             13/11/2018 10:07:19 AM 
Crowley, Trevor             13/11/2018 10:07:59 AM 
Crowley, Trevor             13/11/2018 10:09:00 AM 
Crowley, Trevor             13/11/2018 10:17:26 AM 
Crowley, Trevor             13/11/2018 10:19:08 AM 
Crowley, Trevor             13/11/2018 10:20:19 AM 
Crowley, Trevor             13/11/2018 10:20:48 AM 
Crowley, Trevor             13/11/2018 10:22:15 AM 
Crowley, Trevor             13/11/2018 10:52:36 AM 
Leone, Tony   11/13/2018 2:04:30 PM 
Crowley, Trevor             13/11/2018 3:02:03 PM 
Crowley, Trevor             13/11/2018 3:02:46 PM 
Crowley, Trevor             13/11/2018 3:36:06 PM 
Leone, Tony   11/13/2018 3:48:45 PM 
Winslow, Gary 11/14/2018 7:42:56 AM 
Mitchell, Martin            11/14/2018 4:23:41 PM 
Winslow, Gary 11/15/2018 7:25:45 AM 
Crowley, Trevor             15/11/2018 8:44:54 AM 
Crowley, Trevor             15/11/2018 8:57:33 AM 
Leone, Tony   11/15/2018 9:01:10 AM 
Winslow, Gary 11/16/2018 7:22:29 AM 
Crowley, Trevor             16/11/2018 9:12:48 AM 
Crowley, Trevor             16/11/2018 9:26:53 AM 
Mitchell, Martin            11/16/2018 10:07:44 AM 
Leone, Tony   11/16/2018 1:02:27 PM 
Leone, Tony   11/16/2018 1:16:18 PM 
Leone, Tony   11/16/2018 1:17:23 PM 
Leone, Tony   11/16/2018 1:18:58 PM 
Crowley, Trevor             16/11/2018 4:04:01 PM 
Crowley, Trevor             16/11/2018 4:34:48 PM 
Crowley, Trevor             16/11/2018 4:37:39 PM 
Crowley, Trevor             16/11/2018 4:39:03 PM 
Crowley, Trevor             16/11/2018 4:40:19 PM 
Crowley, Trevor             16/11/2018 4:44:59 PM 
Crowley, Trevor             16/11/2018 4:49:06 PM 
Crowley, Trevor             16/11/2018 4:50:03 PM 
Crowley, Trevor             16/11/2018 4:50:28 PM 
Crowley, Trevor             16/11/2018 4:52:11 PM 
Crowley, Trevor             16/11/2018 4:54:17 PM 
Crowley, Trevor             16/11/2018 4:54:51 PM 
Crowley, Trevor             16/11/2018 5:01:10 PM 
Crowley, Trevor             16/11/2018 5:01:34 PM 
Crowley, Trevor             16/11/2018 5:01:54 PM 
Crowley, Trevor             16/11/2018 5:02:51 PM 
Crowley, Trevor             16/11/2018 5:03:25 PM 
Crowley, Trevor             16/11/2018 5:03:57 PM 
Crowley, Trevor             16/11/2018 5:04:29 PM 
Crowley, Trevor             16/11/2018 5:06:43 PM 
Crowley, Trevor             16/11/2018 5:08:06 PM 
Crowley, Trevor             16/11/2018 5:17:34 PM 
Crowley, Trevor             16/11/2018 5:18:40 PM 
Crowley, Trevor             16/11/2018 5:19:32 PM 
Crowley, Trevor             16/11/2018 5:20:18 PM 
Crowley, Trevor             16/11/2018 5:21:15 PM 
Crowley, Trevor             16/11/2018 5:22:06 PM 
Crowley, Trevor             16/11/2018 5:22:51 PM 
Crowley, Trevor             16/11/2018 5:24:41 PM 
Crowley, Trevor             16/11/2018 5:28:38 PM 
Crowley, Trevor             16/11/2018 5:33:27 PM 
Winslow, Gary 11/19/2018 7:50:51 AM 
Leone, Tony   11/19/2018 9:21:05 AM 
Crowley, Trevor             19/11/2018 9:23:39 AM 
Crowley, Trevor             19/11/2018 2:39:09 PM 
Winslow, Gary 11/20/2018 7:40:09 AM 
Crowley, Trevor             20/11/2018 8:51:40 AM 
Leone, Tony   11/20/2018 8:53:13 AM 
Leone, Tony   11/20/2018 10:16:29 AM 
Leone, Tony   11/20/2018 10:19:19 AM 
Li, Jennifer  11/20/2018 11:37:23 AM 
Li, Jennifer  11/20/2018 11:42:23 AM 
Leone, Tony   11/20/2018 2:13:22 PM 
Crowley, Trevor             20/11/2018 3:23:59 PM 
Leone, Tony   11/20/2018 3:40:06 PM 
Leone, Tony   11/20/2018 3:40:32 PM 
Crowley, Trevor             20/11/2018 4:27:52 PM 
Crowley, Trevor             20/11/2018 5:37:44 PM 
Crowley, Trevor             20/11/2018 5:39:01 PM 
Leone, Tony   11/21/2018 8:25:13 AM 
Li, Jennifer  11/21/2018 9:42:00 AM 
Winslow, Gary 11/21/2018 3:56:44 PM 
Li, Jennifer  11/21/2018 4:38:33 PM 
Winslow, Gary 11/22/2018 7:41:08 AM 
Winslow, Gary 11/22/2018 7:43:30 AM 
Crowley, Trevor             22/11/2018 9:10:04 AM 
Crowley, Trevor             22/11/2018 9:11:47 AM 
Li, Jennifer  11/22/2018 10:38:12 AM 
